Already up to date.
ss://bm9uZTozZTk2ZWY3ZC04NjM3LTQyYzItYWM3My03NTE4MjE5NmU3NTU@170.114.45.38:443?plugin=v2ray-plugin%3Bmode%3Dwebsocket%3Bhost%3Dmfvpn.fuchen.indevs.in%3Bpath%3D3e96ef7d-8637-42c2-ac73-75182196e755%2F%3Fed%5C%3D2560%3Btls%3Bmux%3D0#%F0%9F%8C%90%20Anycast-IP%20%7C%20%5BIPv6%5D%20%7C%20%5BBL%5D
Updating dde5e3eb..a2c6af08
Fast-forward
 BLACK_SS+All_RUS.txt                               |  42 +++--
 BLACK_VLESS_RUS.txt                                | 207 ++++++++++++++++++---
 BLACK_VLESS_RUS_mobile.txt                         | 205 +++++++++++---------
 Base64/BLACK_SS+All_RUS_base64.txt                 |   2 +-
 Base64/BLACK_VLESS_RUS_base64.txt                  |   2 +-
 Base64/BLACK_VLESS_RUS_mobile_base64.txt           |   2 +-
 ...Vless-Reality-White-Lists-Rus-Mobile-base64.txt |   2 +-
 Base64/WHITE-CIDR-RU-all-base64.txt                |   2 +-
 Base64/WHITE-CIDR-RU-checked-base64.txt            |   2 +-
 Base64/WHITE-SNI-RU-all-base64.txt                 |   2 +-
 README.md                                          |  20 +-
 TOR-BRIDGES/TOR_BRIDGES_ALL.txt                    |  54 +++---
 TOR-BRIDGES/TOR_BRIDGES_OBFS4.txt                  |  31 ++-
 TOR-BRIDGES/TOR_BRIDGES_TOP100.txt                 | 174 ++++++++---------
 TOR-BRIDGES/TOR_BRIDGES_VANILLA.txt                |  24 +--
 TOR-BRIDGES/TOR_BRIDGES_WEBTUNNEL.txt              |   5 +-
 Vless-Reality-White-Lists-Rus-Mobile-2.txt         |   2 +-
 Vless-Reality-White-Lists-Rus-Mobile.txt           |  92 ++++++---
 WHITE-CIDR-RU-all.txt                              |  92 ++++++---
 WHITE-CIDR-RU-checked.txt                          |  63 ++++---
 WHITE-SNI-RU-all.txt                               | 107 +++++++++--
 21 files changed, 720 insertions(+), 412 deletions(-)
vless://53821f3c-5b03-456a-89f3-f8379f130752@de12.abvpn.ru:443?path=%2Fwebsocket&security=tls&encryption=none&fp=firefox&type=ws&sni=de12.abvpn.ru#%F0%9F%87%A9%F0%9F%87%AA%20Germany%2C%20Frankfurt%20am%20Main%20%7C%20%5BBL%5D
Updating a2c6af08..eb1a29a7
Fast-forward
 BLACK_SS+All_RUS.txt                               |  37 ++--
 BLACK_VLESS_RUS.txt                                | 178 +++----------------
 BLACK_VLESS_RUS_mobile.txt                         | 189 ++++++++++-----------
 Base64/BLACK_SS+All_RUS_base64.txt                 |   2 +-
 Base64/BLACK_VLESS_RUS_base64.txt                  |   2 +-
 Base64/BLACK_VLESS_RUS_mobile_base64.txt           |   2 +-
 ...Vless-Reality-White-Lists-Rus-Mobile-base64.txt |   2 +-
 Base64/WHITE-CIDR-RU-all-base64.txt                |   2 +-
 Base64/WHITE-CIDR-RU-checked-base64.txt            |   2 +-
 Base64/WHITE-SNI-RU-all-base64.txt                 |   2 +-
 TOR-BRIDGES/TOR_BRIDGES_ALL.txt                    |  58 ++++---
 TOR-BRIDGES/TOR_BRIDGES_OBFS4.txt                  |  38 +++--
 TOR-BRIDGES/TOR_BRIDGES_TOP100.txt                 | 180 ++++++++++----------
 TOR-BRIDGES/TOR_BRIDGES_VANILLA.txt                |  22 ++-
 TOR-BRIDGES/TOR_BRIDGES_WEBTUNNEL.txt              |   6 +-
 Vless-Reality-White-Lists-Rus-Mobile-2.txt         |   2 +-
 Vless-Reality-White-Lists-Rus-Mobile.txt           |  64 +------
 WHITE-CIDR-RU-all.txt                              |  64 +------
 WHITE-CIDR-RU-checked.txt                          |  41 +----
 WHITE-SNI-RU-all.txt                               |  78 +++------
 20 files changed, 343 insertions(+), 628 deletions(-)
vless://0df8187c-7a27-452d-b617-ffd047a878ca@144.31.7.129:443?type=grpc&security=reality&encryption=none&pbk=zz1etKRzRA4fwe0Te0p6jAlHorNJs4mmcljA3oL520E&sid=621750a29412f463&sni=moktana.digital&mode=gun&serviceName=xyz&authority=#%F0%9F%87%AB%F0%9F%87%AE%20Finland%2C%20Helsinki%20%7C%20%F0%9F%8C%90%20%7C%20%5BIPv6%5D%20%7C%20%5BBL%5D
Already up to date.
vless://181ae5ba-0be0-4f00-be30-14451a33bd35@89.124.93.150:443?security=reality&encryption=none&pbk=vXAimBeAoXT5Jpmpx13fT-mUOCVO_qWy0xlNNT4PABM&headerType=none&fp=chrome&spx=%2F&type=tcp&sni=yahoo.com&sid=de72#%F0%9F%87%B3%F0%9F%87%B1%20The%20Netherlands%2C%20Amsterdam%20%7C%20%5BBL%5D
Already up to date.
vless://3dfe4106-7491-4f61-874c-fc5ea8dae6bb@77.110.101.181:443?type=xhttp&security=reality&encryption=none&fp=chrome&pbk=4JX3sznUkBsL3T4rl3yEFWj9Cw4Sgw5KYbJVxZ9K9hY&sid=bf50060bc13ff507&sni=www.amd.com&path=/api/v2/sync&mode=auto&extra=%7B%22mode%22%3A%22stream-one%22%2C%22xmux%22%3A%7B%22cMaxReuseTimes%22%3A%2296-192%22%2C%22maxConcurrency%22%3A%2216-32%22%2C%22maxConnections%22%3A0%2C%22hKeepAlivePeriod%22%3A0%2C%22hMaxRequestTimes%22%3A%22400-600%22%2C%22hMaxReusableSecs%22%3A%221800-3000%22%7D%2C%22noGRPCHeader%22%3Afalse%2C%22xPaddingBytes%22%3A%22100-1000%22%2C%22scStreamUpServerSecs%22%3A%2220-40%22%7D#%F0%9F%87%A9%F0%9F%87%AA%20Germany%2C%20Frankfurt%20am%20Main%20%7C%20%F0%9F%8C%90%20%7C%20%5BIPv6%5D%20%7C%20%5BBL%5D
[main 8108e7d0] Update subscription.txt with top configs
 1 file changed, 9 deletions(-)
Merge made by the 'recursive' strategy.
 BLACK_SS+All_RUS.txt                     |  29 ++++----
 BLACK_VLESS_RUS.txt                      |  82 ++++++++++++-----------
 BLACK_VLESS_RUS_mobile.txt               | 111 +++++++++++++++----------------
 Base64/BLACK_SS+All_RUS_base64.txt       |   2 +-
 Base64/BLACK_VLESS_RUS_base64.txt        |   2 +-
 Base64/BLACK_VLESS_RUS_mobile_base64.txt |   2 +-
 6 files changed, 113 insertions(+), 115 deletions(-)
Already up to date.
Merge made by the 'recursive' strategy.
 BLACK_SS+All_RUS.txt                               |  29 +--
 BLACK_VLESS_RUS.txt                                | 232 ++++++++++++++++++---
 BLACK_VLESS_RUS_mobile.txt                         | 229 +++++++++++---------
 Base64/BLACK_SS+All_RUS_base64.txt                 |   2 +-
 Base64/BLACK_VLESS_RUS_base64.txt                  |   2 +-
 Base64/BLACK_VLESS_RUS_mobile_base64.txt           |   2 +-
 ...Vless-Reality-White-Lists-Rus-Mobile-base64.txt |   2 +-
 Base64/WHITE-CIDR-RU-all-base64.txt                |   2 +-
 Base64/WHITE-CIDR-RU-checked-base64.txt            |   2 +-
 Base64/WHITE-SNI-RU-all-base64.txt                 |   2 +-
 Vless-Reality-White-Lists-Rus-Mobile-2.txt         |   2 +-
 Vless-Reality-White-Lists-Rus-Mobile.txt           |  81 ++++---
 WHITE-CIDR-RU-all.txt                              |  81 ++++---
 WHITE-CIDR-RU-checked.txt                          |  40 ++--
 WHITE-SNI-RU-all.txt                               |  63 +++---
 15 files changed, 469 insertions(+), 302 deletions(-)
Already up to date.
vless://7e7452f2-1004-45ed-a55a-f9d474e152c7@nl-tx.sbrf-cdn342.ru:443?alpn=http/1.1&encryption=none&flow=xtls-rprx-vision&fp=qq&packetEncoding=xudp&security=tls&sni=sub.sbrf-cdn342.ru&type=tcp#%F0%9F%87%B3%F0%9F%87%B1%20The%20Netherlands%2C%20Halfweg%20%7C%20%5BBL%5D
Warning: found only 3 of 10 servers, relaxing stability filters...
Merge made by the 'recursive' strategy.
 ...Vless-Reality-White-Lists-Rus-Mobile-base64.txt |  2 +-
 Base64/WHITE-CIDR-RU-all-base64.txt                |  2 +-
 Base64/WHITE-CIDR-RU-checked-base64.txt            |  2 +-
 Base64/WHITE-SNI-RU-all-base64.txt                 |  2 +-
 Vless-Reality-White-Lists-Rus-Mobile-2.txt         |  2 +-
 Vless-Reality-White-Lists-Rus-Mobile.txt           | 65 +++++++-----------
 WHITE-CIDR-RU-all.txt                              | 65 +++++++-----------
 WHITE-CIDR-RU-checked.txt                          | 39 ++++-------
 WHITE-SNI-RU-all.txt                               | 80 +++++++++++++++-------
 9 files changed, 126 insertions(+), 133 deletions(-)
vless://7e7452f2-1004-45ed-a55a-f9d474e152c7@nl-tx.sbrf-cdn342.ru:443?alpn=http/1.1&encryption=none&flow=xtls-rprx-vision&fp=qq&packetEncoding=xudp&security=tls&sni=sub.sbrf-cdn342.ru&type=tcp#%F0%9F%87%B3%F0%9F%87%B1%20The%20Netherlands%2C%20Halfweg%20%7C%20%5BBL%5D
Warning: found only 1 of 10 servers, relaxing stability filters...
vless://7e7452f2-1004-45ed-a55a-f9d474e152c7@nl-tx.sbrf-cdn342.ru:443?alpn=http/1.1&encryption=none&flow=xtls-rprx-vision&fp=qq&packetEncoding=xudp&security=tls&sni=sub.sbrf-cdn342.ru&type=tcp#%F0%9F%87%B3%F0%9F%87%B1%20The%20Netherlands%2C%20Halfweg%20%7C%20%5BBL%5D
Warning: found only 3 of 10 servers after first relaxation, relaxing again...
vless://7e7452f2-1004-45ed-a55a-f9d474e152c7@nl-tx.sbrf-cdn342.ru:443?alpn=http/1.1&encryption=none&flow=xtls-rprx-vision&fp=qq&packetEncoding=xudp&security=tls&sni=sub.sbrf-cdn342.ru&type=tcp#%F0%9F%87%B3%F0%9F%87%B1%20The%20Netherlands%2C%20Halfweg%20%7C%20%5BBL%5D
Warning: found only 4 of 10 servers after second relaxation, keeping available results.
[main f67aec7a] Update subscription.txt with top configs
 1 file changed, 4 insertions(+), 1 deletion(-)
Already up to date.
Merge made by the 'recursive' strategy.
 BLACK_SS+All_RUS.txt                               |  69 ++-
 BLACK_VLESS_RUS.txt                                | 504 ++++++++++++++++++---
 BLACK_VLESS_RUS_mobile.txt                         | 275 +++++------
 Base64/BLACK_SS+All_RUS_base64.txt                 |   2 +-
 Base64/BLACK_VLESS_RUS_base64.txt                  |   2 +-
 Base64/BLACK_VLESS_RUS_mobile_base64.txt           |   2 +-
 ...ess-Reality-White-Lists-Rus-Mobile-2-base64.txt |   2 +-
 ...Vless-Reality-White-Lists-Rus-Mobile-base64.txt |   2 +-
 Base64/WHITE-CIDR-RU-all-base64.txt                |   2 +-
 Base64/WHITE-CIDR-RU-checked-base64.txt            |   2 +-
 Base64/WHITE-SNI-RU-all-base64.txt                 |   2 +-
 TOR-BRIDGES/TOR_BRIDGES_ALL.txt                    |  58 ++-
 TOR-BRIDGES/TOR_BRIDGES_OBFS4.txt                  |  37 +-
 TOR-BRIDGES/TOR_BRIDGES_TOP100.txt                 | 162 +++----
 TOR-BRIDGES/TOR_BRIDGES_VANILLA.txt                |  22 +-
 TOR-BRIDGES/TOR_BRIDGES_WEBTUNNEL.txt              |   7 +-
 Vless-Reality-White-Lists-Rus-Mobile-2.txt         | 160 ++++++-
 Vless-Reality-White-Lists-Rus-Mobile.txt           | 290 ++++++------
 WHITE-CIDR-RU-all.txt                              | 475 +++++++++++++------
 WHITE-CIDR-RU-checked.txt                          | 153 ++++---
 WHITE-SNI-RU-all.txt                               |  94 ++--
 21 files changed, 1579 insertions(+), 743 deletions(-)
vless://42be7c39-60b4-4c0d-94b5-f108348b3abe@72.56.243.126:4357?encryption=none&flow=xtls-rprx-vision&security=reality&sni=files.moscownews24.ru&fp=chrome&pbk=SbVKOEMjK0sIlbwg4akyBg5mL5KZwwB-ed4eEE7YnRc&type=tcp&headerType=none#%F0%9F%87%A8%F0%9F%87%AD%20Switzerland%2C%20Zurich%20%7C%20%5BBL%5D
Warning: found only 4 of 10 servers, relaxing stability filters...
vless://42be7c39-60b4-4c0d-94b5-f108348b3abe@72.56.243.126:4357?encryption=none&flow=xtls-rprx-vision&security=reality&sni=files.moscownews24.ru&fp=chrome&pbk=SbVKOEMjK0sIlbwg4akyBg5mL5KZwwB-ed4eEE7YnRc&type=tcp&headerType=none#%F0%9F%87%A8%F0%9F%87%AD%20Switzerland%2C%20Zurich%20%7C%20%5BBL%5D
Warning: found only 7 of 10 servers after first relaxation, relaxing again...
vless://42be7c39-60b4-4c0d-94b5-f108348b3abe@72.56.243.126:4357?encryption=none&flow=xtls-rprx-vision&security=reality&sni=files.moscownews24.ru&fp=chrome&pbk=SbVKOEMjK0sIlbwg4akyBg5mL5KZwwB-ed4eEE7YnRc&type=tcp&headerType=none#%F0%9F%87%A8%F0%9F%87%AD%20Switzerland%2C%20Zurich%20%7C%20%5BBL%5D
Warning: found only 6 of 10 servers after second relaxation, keeping available results.
[main b405e6b1] Update subscription.txt with top configs
 1 file changed, 6 insertions(+), 10 deletions(-)
Already up to date.
Merge made by the 'recursive' strategy.
 BLACK_SS+All_RUS.txt                               |  46 ++--
 BLACK_VLESS_RUS.txt                                | 272 ++++++-------------
 BLACK_VLESS_RUS_mobile.txt                         | 206 +++++++-------
 Base64/BLACK_SS+All_RUS_base64.txt                 |   2 +-
 Base64/BLACK_VLESS_RUS_base64.txt                  |   2 +-
 Base64/BLACK_VLESS_RUS_mobile_base64.txt           |   2 +-
 ...ess-Reality-White-Lists-Rus-Mobile-2-base64.txt |   2 +-
 ...Vless-Reality-White-Lists-Rus-Mobile-base64.txt |   2 +-
 Base64/WHITE-CIDR-RU-all-base64.txt                |   2 +-
 Base64/WHITE-CIDR-RU-checked-base64.txt            |   2 +-
 Base64/WHITE-SNI-RU-all-base64.txt                 |   2 +-
 TOR-BRIDGES/TOR_BRIDGES_ALL.txt                    |  27 +-
 TOR-BRIDGES/TOR_BRIDGES_OBFS4.txt                  |  21 +-
 TOR-BRIDGES/TOR_BRIDGES_TOP100.txt                 | 160 +++++------
 TOR-BRIDGES/TOR_BRIDGES_VANILLA.txt                |  10 +-
 TOR-BRIDGES/TOR_BRIDGES_WEBTUNNEL.txt              |   2 +-
 Vless-Reality-White-Lists-Rus-Mobile-2.txt         | 206 +++++++-------
 Vless-Reality-White-Lists-Rus-Mobile.txt           | 210 +++++++--------
 WHITE-CIDR-RU-all.txt                              | 295 ++++++++++-----------
 WHITE-CIDR-RU-checked.txt                          |  88 +++---
 WHITE-SNI-RU-all.txt                               |  19 +-
 21 files changed, 733 insertions(+), 845 deletions(-)
vless://94018dfe-afb0-4bd3-a704-a84caa0ff316@dns-test.kweps.ru:443?flow=xtls-rprx-vision&type=tcp&headerType=none&security=reality&fp=chrome&sni=api-seller.ozon.ru&pbk=VXhjekTLPcliTbzq-jv0Y1SDnvWzyrpZhF-WxZN4jUQ&sid=6ba85179e30d4fc2#%F0%9F%87%B3%F0%9F%87%B1%20The%20Netherlands%2C%20Amsterdam%20%7C%20%5BBL%5D
Warning: found only 2 of 10 servers, relaxing stability filters...
Already up to date.
vless://42be7c39-60b4-4c0d-94b5-f108348b3abe@217.149.30.56:4355?encryption=none&flow=xtls-rprx-vision&security=reality&sni=files.moscownews24.ru&fp=chrome&pbk=SbVKOEMjK0sIlbwg4akyBg5mL5KZwwB-ed4eEE7YnRc&type=tcp&headerType=none#%F0%9F%87%A8%F0%9F%87%AD%20Switzerland%2C%20Zurich%20%7C%20%5BBL%5D
Warning: found only 7 of 10 servers, relaxing stability filters...
vless://42be7c39-60b4-4c0d-94b5-f108348b3abe@72.56.8.107:4320?encryption=none&flow=xtls-rprx-vision&security=reality&sni=files.moscownews24.ru&fp=chrome&pbk=SbVKOEMjK0sIlbwg4akyBg5mL5KZwwB-ed4eEE7YnRc&type=tcp&headerType=none#%F0%9F%87%A8%F0%9F%87%AD%20Switzerland%2C%20Zurich%20%7C%20%5BBL%5D
[main 1bf889e4] Update subscription.txt with top configs
 1 file changed, 10 insertions(+), 6 deletions(-)
Already up to date.
Merge made by the 'recursive' strategy.
 BLACK_SS+All_RUS.txt                               |  56 ++-
 BLACK_VLESS_RUS.txt                                | 436 ++++-----------------
 BLACK_VLESS_RUS_mobile.txt                         | 282 ++++++-------
 Base64/BLACK_SS+All_RUS_base64.txt                 |   2 +-
 Base64/BLACK_VLESS_RUS_base64.txt                  |   2 +-
 Base64/BLACK_VLESS_RUS_mobile_base64.txt           |   2 +-
 ...ess-Reality-White-Lists-Rus-Mobile-2-base64.txt |   1 -
 ...Vless-Reality-White-Lists-Rus-Mobile-base64.txt |   2 +-
 Base64/WHITE-CIDR-RU-all-base64.txt                |   2 +-
 Base64/WHITE-CIDR-RU-checked-base64.txt            |   2 +-
 Base64/WHITE-SNI-RU-all-base64.txt                 |   2 +-
 TOR-BRIDGES/TOR_BRIDGES_ALL.txt                    | 138 +------
 TOR-BRIDGES/TOR_BRIDGES_OBFS4.txt                  |  42 +-
 TOR-BRIDGES/TOR_BRIDGES_TOP100.txt                 | 168 ++++----
 TOR-BRIDGES/TOR_BRIDGES_VANILLA.txt                |  99 +----
 TOR-BRIDGES/TOR_BRIDGES_WEBTUNNEL.txt              |   5 +-
 Vless-Reality-White-Lists-Rus-Mobile-2.txt         |  72 +---
 Vless-Reality-White-Lists-Rus-Mobile.txt           | 180 ++-------
 WHITE-CIDR-RU-all.txt                              | 248 ++----------
 WHITE-CIDR-RU-checked.txt                          |  66 +---
 WHITE-SNI-RU-all.txt                               |  77 +---
 21 files changed, 429 insertions(+), 1455 deletions(-)
vless://ce47a803-dd50-42de-8d73-5950a2c4c55d@193.233.88.4:10005?type=tcp&security=reality&encryption=none&flow=xtls-rprx-vision&fp=chrome&pbk=V4mJnTuahm72g8CBwSYZ6l4eSjB0soHyhgRCQumWXAE&sid=6c133aac14a10e8d&sni=www.intel.com&spx=/#%F0%9F%87%A9%F0%9F%87%AA%20Germany%20%7C%20%F0%9F%8C%90%20%7C%20%5BIPv6%5D%20%7C%20%5BBL%5D
[main ab4054f3] Update subscription.txt with top configs
 1 file changed, 10 insertions(+), 10 deletions(-)
Already up to date.
Merge made by the 'recursive' strategy.
 ...Vless-Reality-White-Lists-Rus-Mobile-base64.txt |  2 +-
 Base64/WHITE-CIDR-RU-all-base64.txt                |  2 +-
 Base64/WHITE-CIDR-RU-checked-base64.txt            |  2 +-
 Base64/WHITE-SNI-RU-all-base64.txt                 |  2 +-
 Vless-Reality-White-Lists-Rus-Mobile-2.txt         |  2 +-
 Vless-Reality-White-Lists-Rus-Mobile.txt           | 54 ++++++++++++++--------
 WHITE-CIDR-RU-all.txt                              | 54 ++++++++++++++--------
 WHITE-CIDR-RU-checked.txt                          | 20 +++++---
 WHITE-SNI-RU-all.txt                               | 19 ++++----
 9 files changed, 97 insertions(+), 60 deletions(-)
vless://ce47a803-dd50-42de-8d73-5950a2c4c55d@193.233.88.4:10005?type=tcp&security=reality&encryption=none&flow=xtls-rprx-vision&fp=chrome&pbk=V4mJnTuahm72g8CBwSYZ6l4eSjB0soHyhgRCQumWXAE&sid=6c133aac14a10e8d&sni=www.intel.com&spx=/#%F0%9F%87%A9%F0%9F%87%AA%20Germany%20%7C%20%F0%9F%8C%90%20%7C%20%5BIPv6%5D%20%7C%20%5BBL%5D
[main 34f3214e] Update subscription.txt with top configs
 1 file changed, 8 insertions(+), 7 deletions(-)
Already up to date.
Merge made by the 'recursive' strategy.
 BLACK_SS+All_RUS.txt                               |  34 ++-----
 BLACK_VLESS_RUS.txt                                |  75 +++++++--------
 BLACK_VLESS_RUS_mobile.txt                         | 105 +++++++++------------
 Base64/BLACK_SS+All_RUS_base64.txt                 |   2 +-
 Base64/BLACK_VLESS_RUS_base64.txt                  |   2 +-
 Base64/BLACK_VLESS_RUS_mobile_base64.txt           |   2 +-
 ...Vless-Reality-White-Lists-Rus-Mobile-base64.txt |   2 +-
 Base64/WHITE-CIDR-RU-all-base64.txt                |   2 +-
 Base64/WHITE-CIDR-RU-checked-base64.txt            |   2 +-
 Base64/WHITE-SNI-RU-all-base64.txt                 |   2 +-
 Vless-Reality-White-Lists-Rus-Mobile-2.txt         |   2 +-
 Vless-Reality-White-Lists-Rus-Mobile.txt           | 104 +++++++++++++-------
 WHITE-CIDR-RU-all.txt                              | 104 +++++++++++++-------
 WHITE-CIDR-RU-checked.txt                          |  38 +++++---
 WHITE-SNI-RU-all.txt                               |  25 +++--
 15 files changed, 268 insertions(+), 233 deletions(-)
vless://d428091c-e6eb-48f9-9a07-b44eb886ac90@ru2.csbeta60.com:443?type=tcp&security=reality&encryption=none&flow=xtls-rprx-vision&fp=qq&pbk=bYer8bNaHgJyZu26iSxbdWmc6T9R6Z3nGpPqjcGTHW0&sid=89c9996b63733977&sni=ru2.csbeta60.com#%F0%9F%87%B3%F0%9F%87%B1%20The%20Netherlands%2C%20Amsterdam%20%7C%20%5BBL%5D
[main 284943ce] Update subscription.txt with top configs
 1 file changed, 8 insertions(+), 8 deletions(-)
Already up to date.
